[debug] [2022-09-09T16:45:49.698Z] ----------------------------------------------------------------------
[debug] [2022-09-09T16:45:49.700Z] Command:       C:\Program Files\nodejs\node.exe C:\Users\joshu\AppData\Roaming\npm\node_modules\firebase-tools\lib\bin\firebase.js init
[debug] [2022-09-09T16:45:49.701Z] CLI Version:   9.22.0
[debug] [2022-09-09T16:45:49.701Z] Platform:      win32
[debug] [2022-09-09T16:45:49.701Z] Node Version:  v16.15.1
[debug] [2022-09-09T16:45:49.709Z] Time:          Fri Sep 09 2022 12:45:49 GMT-0400 (Eastern Daylight Time)
[debug] [2022-09-09T16:45:49.710Z] ----------------------------------------------------------------------
[debug] 
[debug] [2022-09-09T16:45:49.713Z] >>> [apiv2][query] GET https://firebase-public.firebaseio.com/cli.json [none]
[debug] [2022-09-09T16:45:49.740Z] > command requires scopes: ["email","openid","https://www.googleapis.com/auth/cloudplatformprojects.readonly","https://www.googleapis.com/auth/firebase","https://www.googleapis.com/auth/cloud-platform"]
[debug] [2022-09-09T16:45:49.741Z] > authorizing via signed-in user (joshua.jakab@gmail.com)
[info] 
     ######## #### ########  ######## ########     ###     ######  ########
     ##        ##  ##     ## ##       ##     ##  ##   ##  ##       ##
     ######    ##  ########  ######   ########  #########  ######  ######
     ##        ##  ##    ##  ##       ##     ## ##     ##       ## ##
     ##       #### ##     ## ######## ########  ##     ##  ######  ########

You're about to initialize a Firebase project in this directory:

  C:\Users\joshu\Documents\BusinessCode\joshuaforvermont

[debug] [2022-09-09T16:45:50.163Z] <<< [apiv2][status] GET https://firebase-public.firebaseio.com/cli.json 200
[debug] [2022-09-09T16:45:50.164Z] <<< [apiv2][body] GET https://firebase-public.firebaseio.com/cli.json {"cloudBuildErrorAfter":1594252800000,"cloudBuildWarnAfter":1590019200000,"defaultNode10After":1594252800000,"minVersion":"3.0.5","node8DeploysDisabledAfter":1613390400000,"node8RuntimeDisabledAfter":1615809600000,"node8WarnAfter":1600128000000}
